23sdY/2os55XgFG+Vr52NwSCt5QBY2eUjCoXscJHPgJsVW3J2sTxVRiz3o+JPxqd8gbTfL4Of1KjkxKie6gtpcfOzEukgIs3tQgzsTtyswk=
OrtNDZXuVRcDgrSHVtbwQIV90rCuxreYjtmx2bl0UraF3TI9F4/QcoWCJeNJL+7lJ+msT9c81NKOQLihuZEAZELEzYJut6Lz+rVW7ltj3PMxMZgjDzRJdKcLbFyYbOpNvCNh5FUssLSyNLe7CU/lHXITQaScHOKVC+NYmGi/u+DedObidWirvDJciONZarVICLRsSjliZ03jJheflVxohB0G05xQNA6pe6xp5qsPYsYj5OxxLzJcTxys60P9VAMVI/6znQ==
88v7w7HEt6RjDAnEh53cLoV90rCuxreYjtmx2bl0UraF3TI9F4/QcoWCJeNJL+7lJ+msT9c81NKOQLihuZEAZELEzYJut6Lz+rVW7ltj3PMxMZgjDzRJdKcLbFyYbOpNvCNh5FUssLSyNLe7CU/lHXITQaScHOKVC+NYmGi/u+DedObidWirvDJciONZarVICLRsSjliZ03jJheflVxohB0G05xQNA6pe6xp5qsPYsYj5ONxLzJcTxys60P9VAMVI/6znQ==
tEHrgQCamfsnzPODs1KNpxHwceNAc3KpuDEXxJ2rN7XGfkhz0iuOF6vpSD6fdbfSxBWNeO4yB/Pe78MPnCV9sxg=
e6LWPxVn9UY0DSgDlpOjl5GTh++VDSi/sMAj8jWL5MeZTjpAn2hSFgF908jXnZ2iZyxLNejNFmG5gGnDCOPK6aABXyQl+9+1rq7wExobltcTeYAeh4UfUiwllZimov+zxh+Lr2R1VbMw
A+7FPuquLVSwOVRrOroQDZyzTw1KpHa8NZdfPKyFLM6+mdZMJwQ87vO+ipIeRCnpyy1xpKqO52G9GRFlQwDo1E201QNUR4eDlRVfhusv4ibjROLR79Lcb1zM66M9dIN1Y16zPQ==
ZdXOT8vMmADfIZPgKU373zHe5PvT8cM9bd3TNrhiRmGEUl4WDWXH+KO1gUJbRB/lHPVaIXV43ZNcSzZJPGnr1LFjUzUiNmRjrvMKd2/RVM4z/VOS4B3hyHJKw9PaN3+fcG1Zszw=
ALNGgfiW0PRMH3X8QQ0fYiy9lQathGIWMZ3jiGd9LSL3zJt1uC0GYamguYNYQ1pp0KGvZFXbL7XejgDTartmV4PZUN7XpQ9SPEVFWPbCbzN2fztvVBVlswA=
RLQajExbBSyoWevQPzEbFskSiGRQhmA3s5FmFjWV/5iLRUkCE5S3hYRlwqHt6EUzNJv+CXRZA/TJU6s1WgacQ8bDwrcngbxuq23LEniNeSjaGgsTkkdXf0gdYbME
W96kRsm4YmKNVf/APdbH8+Ahp0FhtEEthJFmFjWV/5iLRUkCE5S3hYRlwqHt6EUzNJv+CXRZA/TJU6s1WgacQ8bDwrcngbxuq23LEniNeSjaGgsTkkdXf0gdYbME
O9ZfYF/FAOLVmU0QqsYbY/rAoBn2jzM/4JazGXkAHcm/smU4IR0iiWTBSwTja+I3iLmCFVUsDx/t9RxKWpuQjzSHUa1qNo2B7XtdYV8wzDZ9I2RLQWdOEWezAg==
YmZ87T6J+xU+a4cPar83WYV90rCuxreYjtmx2bl0UraF3TI9F4/QcoWCJeNJL+7lJ+msT9c81NKOQLihuZEAZELEzYJut6Lz+rVW7ltj3PMxMZgjDzRJdKcLbFyYbOpNvCNh5FUssLSyNLe7CU/lHXITQaScHOKVC+NYmGi/u+DedObidWirvDJciONZarVICLRsSjliZ03jJheflVxohB0G05xQNA6pe6xp5qsPYsYj5OtyLzJcTxys60P9VAMVI/6znQ==
Qby2lUqoSlsoiMEoKKIM3HYOxsUGnZyITPMdtLiQaMkMKVZQf+aK3WDV+GnriDQo6sdnpKXdiC1a2QbYY3Od/ByZGCLzi6Eh15ZHzceSUP5nLZ0SicNjExeaiyowlx0iaTBb1KNqYeBDpkFGruaiS6qxzn7okj39UKu4Li/7W+7BEyE15YWfUZ4q3ZrDqhugAl6aB9JUrvchOd4ML9dlK7aM0HhWh3xH7az2RiCnlsmrK2h3BeqKxsLRhFkBupol6wLTk43kmPzz4cswCvBsi2xxt/ncvgMRGcAgcxp46Rp/k3OKYwJvbiltfezL0uhNA4SZgD83DBiw4BqZBD/hwJ3AoADqSBe/4YPViQpPgUAUMLLhE1+4XMCzy7Tm6OZGPQQ7iOqgqGcxJgVc8GgsLjHOt7l7GnfbvdCYUKUaU7iY2B4dI9DJ4kPDUlJbuCuWpx4MOwQQC4dVWHNBG2KzOQ==
gapIKmIoV7M4Xz4F2q+MeMMDkTsSgpRxka52SdhlRJjmMgrKYBqfrbPSBr50nM4BJUSbHH4bGydYAKbUSJJP+e49n7pwtE1BfhlaaVeDio1fgK0x9EFN6+aLOHmrfx1Kqh0hbzlX27F/eftdx2WhhIuSuJzI8oEq13U2nvrs+fWmO00nuk2aFzDn6mCrWR1JJ4szlMcGmHCxBpyPyGp7lSqlaPBFHDcEUqQcs40SYUqKZvrdEpRIB++CzczAkE4bp7rGzWv/fL+RoAfNoI/3wL08WLoo6yY+G2u693FUxODFaZn5Gv8F8Zf39beM2YthP1g+tX0l/33yxFP+Mc7OXuIB4/vpTC+Yfe+En4LRjgBCkVMCKa7+MTqQt+7C/0PclaaF+013Rzj18Lzvh2H7GsVcncd3ywb5n/9QM0EMxz+H89s+MbJykSVxmf0ClhURdfvF8cfQZGY146w7aYd2YV+zOg==
PNziyqwBTfNNjAbqbQSloWLvHoepVprwBz3FZYB79qxaat3VCT/DIzOavGDEb63q7Ldz+2JdBvSHaiqpKAkIbfPkdPwCe/fAHRFoGVLFNhy73x1otGXIBouHgdUfyjdJX36Qqg8RjfaxjwOnnwY7bmi7HTZBTAtwW+bBlAt6sUK2iuKfQg1eGlBe3clYt4jq91fbemnv8RGdib+lVnatHltG2/RqYorj6hjOQ6mlbkh3+2U/nvCA3K4L3DOlcAZCOMvWHUOX+BO9Jmryys20ndkWGrFD/gO39ei4CDu9u7SSHKzfBE2nHeTyY6WRXJA3QlTpDlfvIy6bjs8aYbGN6NO+qJnrOAnkh/vsLLj8Kl3ck2FUNTxwJJJEN0sp36UNkqNBFHwMogUrE9joSC978L7E5lIVeGssEiwIE3n69VjoBGz62XIn3cPWl++1zKiUfbbTLDAkzjlb3OkWi58i1sNU6sLPIhzfPFxrM93EwwVDTrMt
N4A/iP1pLf4YYgno3Dk2A3+XUVW+mG9UzoMTbq2rH8sJcpsA7mBWWuwD3f7Uq3P/alEWgJ9WCk3AJTg5i7g0OMq3J3RFbQi9+inGiANDnew86VjyEzshsXdmh52nolDuR13dwmlz44O3akt6UKcdMklAGwRD2uFw41aBFs7WoluKwY6uCCK9bfBbeH5Py1v+4WNh5QU1H8E+2h3Ko5obsCIu2tcy5C5ngckeXE/nZTuW/JCotjf8101cNhZAl5bZi1sop+VaClZiIUQJYYqaNctyk0NtVBhsUxELYGrAbJtMAfcpPA6Dgbkw4CN6SOkKX+MzWoOy7/6Jnb28q+LoXSP02VDfh4yIEBDayWQP4dC9sODQCviXL0FzFdlqf4FQNEDyMfPvOMxgQwvkhtjmVh10e1gKECj3kdbFDJBYLD4Rvvdpm6r3Sx0gWADFKlOouKhezcNgSXLjM5ICO4gqhoduTOvkoIsX9aizEXtSsyk=
lWkmQkwoobU7793bBdU+l8MDkTsSgpRwka52Sd5rWIfsLwrKYB+Vq67KBr50nM4BJUSbHH4bGydYAKbUSJJP+e49n7pwtE1BfhlaaVeDio1fgK0x9EFN6+aLOHmrfx1Kqh0hbzlX27F/eftdx2WhhIuSuJzI8oEq13U2nvrs+fWmO00nuk2aFzDn6mCrWR1JJ4szlMcGmHCxBpyPyGp7lSqlaPBFHDcEUqQcs40SYUqKZvrdEpRIB++CzczAkE4bp7rGzWv/fL+RoAfNoI/3wL08WLoo6yY+G2u693FUxODFaZn5Gv8F8Zf39beM2YthP1g+tX0l/33yxFP+Mc7OXuIB4/vpTC+Yfe+En4LRjgBCkVMCKa7+MTqQt+7C/0PclaaF+013Rzj18Lzvh2H7GsVcncd3ywb5n/9QM0EMxz+H89s+MbJykSVxmf0ClhURdfnC8cnSZGY146w7aYd2YV+zOg==
gscXLgAdSJRW8hpszSj3HMMDkTsSgpRwka52SdhlRJjmMgrKYBqfrbPSBr50nM4BJUSbHH4bGydYAKbUSJJP+e49n7pwtE1BfhlaaVeDio1fgK0x9EFN6+aLOHmrfx1Kqh0hbzlX27F/eftdx2WhhIuSuJzI8oEq13U2nvrs+fWmO00nuk2aFzDn6mCrWR1JJ4szlMcGmHCxBpyPyGp7lSqlaPBFHDcEUqQcs40SYUqKZvrdEpRIB++CzczAkE4bp7rGzWv/fL+RoAfNoI/3wL08WLoo6yY+G2u693FUxODFaZn5Gv8F8Zf39beM2YthP1g+tX0l/33yxFP+Mc7OXuIB4/vpTC+Yfe+En4LRjgBCkVMCKa7+MTqQt+7C/0PclaaF+013Rzj18Lzvh2H7GsVcncd3ywb5n/9QM0EMxz+H89s+MbJykSVxmf0ClhURdfnC8cnSZGY146w7aYd2YV+zOg==
06tU3BXc8K32FWRQfTgGHVOZQ4R7vttiRNFcr6srhl0FL6YZoEWsiO4yAtqIOuf9axK+ziw8JrGtxBPs1ntDl6DA/oRwcmfp5j2XqljUdZGmWSLZj2Mi/dcAJYGc4ZUbXstgqVNfdVqiHSl/UXcjYSc5Q60fxck0AxIw7GASWZqvNe5OwozR5a47RTeSraJHaCcS0PM5tbmvC7skL6bAAAnGRN+wSpOFIqVg4K08T1SKZKTD1bKJ+gLmci269BC3F0KVnPhwZguvus7dQ59Eb0ngf314b1+wNbzQCkBL/s6jK+IniXSs8M1pkely3/0hz7dNR1R549G32LbF1cUnzYqEiy4JruZO6gHr68GsF8glL3wv2rEm8MoR27LBDqZBglBvvrrfq8ydpo3rpVc/aC0wBJ/fwROqTdwVN9+rXklnPwhjeezvL4/z0y4Z0kpB/THhTdp2vWH9eUpBoXK8lo2j9OuRpx5xV7My
4BWIwu/bmm57ofEcSwIAZfctNglVOD0TPI8UR9ypi1QRI7M1QvbE406zandPkbROUz1znQRdT0rSCiPT+vffH5AtebMc
wQUyuLbSfglA9S3BArJoLgl+bz9ce25+TeGGoEQFOva3uedQLrXOPFEuKcXx5ApvievfN0sw48mJ2Sxxv2yiBHlox30q4LceTUtzXkb5OGY7bXFGa1MXZLMD
