kQFKBvAoC/AYgNwruiiqOASCt5QBY2eUjCoXscJHPgJsVW3J2sTxVRiz3o+JPxqd8gbTfL4Of1KjkxKie6gtoMfMz0ulgIs3tQgzsTtyswk=
zrtr6OjMOkLNF+OTTixhSIV90rCuxreYjtmx2bl0UraF3TI9F4/QcoWCJeNJL+7lJ+msT9c81NKOQLihuZEAZELEzYJut6Lz+rVW7ltj3PMxMZgjDzRJdKcLbFyYbOpNvCNh5FUssLSyNLe7CU/lHXITQaScHOKVC+NYmGi/u+DedObidWirvDJciONZarVICLRsSjliZ03jJheflVxohB0G05xQNA6pe6xp5qsPYsYj5O10LzBfTx2s60P9VAMVI/6znQ==
uEAxPuCWuAwt/vH6cGzhyIV90rCuxreYjtmx2bl0UraF3TI9F4/QcoWCJeNJL+7lJ+msT9c81NKOQLihuZEAZELEzYJut6Lz+rVW7ltj3PMxMZgjDzRJdKcLbFyYbOpNvCNh5FUssLSyNLe7CU/lHXITQaScHOKVC+NYmGi/u+DedObidWirvDJciONZarVICLRsSjliZ03jJheflVxohB0G05xQNA6pe6xp5qsPYsYj5Ox0LzBfTx2s60P9VAMVI/6znQ==
5abJO2gi6+UzXbkff6nWlhHwceNAc3KpuDEXxJ2rN7XGfkhz0iuOF6vpSD6fdbfSwRWPe+4zB/Pe78MPnCV9sxg=
kOlTRtrF40Vc1YMOVKUlbJGTh++VDSi/sMAj8jWL5MeZTjpAn2hSFgF908jXnZ2iZyxLNejNFmG5gGnDCOPK6aABXyQl+9+1rq7wExobltcTeYAeh4UfWygll5umo/+zxh+Lr2R1VbMw
f1uTw8jAT+JTwUV0hpTJ4JyzTw1KpHa8NZdfPKyFLM6+mdZMJwQ87vO+ipIeRCnpyy1xpKqO52G9GRFlQwDo1E201QNUR4eDlRVfhusv4ibjROvV79Dfb13M66M9dIN1Y16zPQ==
yMnfoqBQrWd+XGKeUg9eazHe5PvT8cM9bd3TNrhiRmGEUl4WDWXH+KO1gUJbRB/lHPVaIXV43ZNcSzZJPGnr1LFjUzUiNmRjrvMKd2/RVM4z/VOb5B3jy3JLw9PaN3+fcG1Zszw=
EOc8O3UR72nfYAcphFoACyy9lQathGIWMZ3jiGd9LSL3zJt1uC0GYamguYNYQ1pp0KGvZFXbL7XejgDTartmV4PZUN7XpQ9bOEVHW/bDbzN2fztvVBVlswA=
sUIwYW+n876PukrYfBgj8skSiGRQhmA3s5FmFjWV/5iLRUkCE5S3hYRlwqHt6EUzNJv+CXRZA/TJU6s1WgacQ8bDwrcngbxuq23LG3yNeyvaGwsTkkdXf0gdYbME
ABGaPT5Ptx+cp9vxz0kpu+Ahp0FhtEEthJFmFjWV/5iLRUkCE5S3hYRlwqHt6EUzNJv+CXRZA/TJU6s1WgacQ8bDwrcngbxuq23LG3yNeyvaGwsTkkdXf0gdYbME
VPtHMnuEfuP0y1Sd9Y4tffrAoBn2jzM/4JazGXkAHcm/smU4IR0iiWTBSwTja+I3iLmCFVUsDx/t9RxKWpuQjzSHUa1qNo2B7XtaYV0zzDd9I2RLQWdOEWezAg==
RIz6tePbMu7ntMHBWHc2FYV90rCuxreYjtmx2bl0UraF3TI9F4/QcoWCJeNJL+7lJ+msT9c81NKOQLihuZEAZELEzYJut6Lz+rVW7ltj3PMxMZgjDzRJdKcLbFyYbOpNvCNh5FUssLSyNLe7CU/lHXITQaScHOKVC+NYmGi/u+DedObidWirvDJciONZarVICLRsSjliZ03jJheflVxohB0G05xQNA6pe6xp5qsPYsYj5Ot1LzBfTx2s60P9VAMVI/6znQ==
gRkRSmFmLZa9eliJP3p8BXYOxsUGnZyITPMdtLiQaMkMKVZQf+aK3WDV+GnriDQo6sdnpKXdiC1a2QbYY3Od/ByZGCLzi6Eh15ZHzceSUP5nLZ0SicNjExeaiyowlx0iaTBb1KNqYeBDpkFGruaiS6qxzn7okj39UKu4Li/7W+7BEyE15YWfUZ4q3ZrDqhugAl6aB9JUrvchOd4ML9dlK7aM0HhWh3xH7az2RiCnlsmrK2h3BeqKxsLRhFkBupol6wLTk43kmPzz4cswCvBsi2xxt/ncvgMRGcAgcxp46Rp/k3OKYwJvbiltfezL0uhNA4SZgD83DBiw4BqZBD/hwJ3AoADqSBe/4YPViQpPgUAUMLLhE1+4XMCzy7Tm6OZGPQQ7iOqgqGcxJgVc8GgsLjHOt7l7GnfbvdCYUKUaU7iY2B4dI9DJ4kPDUlJbuCqRpxwPOwUQC4dVWHNBG2KzOQ==
4LmrtZXmVOdZ8hm8YO0da8MDkTsSgpRxka52SdhlRJjmMgrKYBqfrbPSBr50nM4BJUSbHH4bGydYAKbUSJJP+e49n7pwtE1BfhlaaVeDio1fgK0x9EFN6+aLOHmrfx1Kqh0hbzlX27F/eftdx2WhhIuSuJzI8oEq13U2nvrs+fWmO00nuk2aFzDn6mCrWR1JJ4szlMcGmHCxBpyPyGp7lSqlaPBFHDcEUqQcs40SYUqKZvrdEpRIB++CzczAkE4bp7rGzWv/fL+RoAfNoI/3wL08WLoo6yY+G2u693FUxODFaZn5Gv8F8Zf39beM2YthP1g+tX0l/33yxFP+Mc7OXuIB4/vpTC+Yfe+En4LRjgBCkVMCKa7+MTqQt+7C/0PclaaF+013Rzj18Lzvh2H7GsVcncd3ywb5n/9QM0EMxz+H89s+MbJykSVxmf0ClhURdfrC8cXTZGc146w7aYd2YV+zOg==
ISCqmI/OY/sKoZ2wOm5ixWLvHoepVprwBz3FZYB79qxaat3VCT/DIzOavGDEb63q7Ldz+2JdBvSHaiqpKAkIbfPkdPwCe/fAHRFoGVLFNhy73x1otGXIBouHgdUfyjdJX36Qqg8RjfaxjwOnnwY7bmi7HTZBTAtwW+bBlAt6sUK2iuKfQg1eGlBe3clYt4jq91fbemnv8RGdib+lVnatHltG2/RqYorj6hjOQ6mlbkh3+2U/nvCA3K4L3DOlcAZCOMvWHUOX+BO9Jmryys20ndkWGrFD/gO39ei4CDu9u7SSHKzfBE2nHeTyY6WRXJA3QlTpDlfvIy6bjs8aYbGN6NO+qJnrOAnkh/vsLLj8Kl3ck2FUNTxwJJJEN0sp36UNkqNBFHwMogUrE9joSC978L7E5lIVeGssEiwIE3n69VjoBGz62XIn3cPWl++1zKiUfbbTLDAkzjlb3OkWi58i1sNU6sXPIB/fPVxrM93EwwVDTrMt
ChCM+Qh+C2CE6Qu3jgIhy3+XUVW+mG9UzoMTbq2rH8sJcpsA7mBWWuwD3f7Uq3P/alEWgJ9WCk3AJTg5i7g0OMq3J3RFbQi9+inGiANDnew86VjyEzshsXdmh52nolDuR13dwmlz44O3akt6UKcdMklAGwRD2uFw41aBFs7WoluKwY6uCCK9bfBbeH5Py1v+4WNh5QU1H8E+2h3Ko5obsCIu2tcy5C5ngckeXE/nZTuW/JCotjf8101cNhZAl5bZi1sop+VaClZiIUQJYYqaNctyk0NtVBhsUxELYGrAbJtMAfcpPA6Dgbkw4CN6SOkKX+MzWoOy7/6Jnb28q+LoXSP02VDfh4yIEBDayWQP4dC9sODQCviXL0FzFdlqf4FQNEDyMfPvOMxgQwvkhtjmVh10e1gKECj3kdbFDJBYLD4Rvvdpm6r3Sx0gWADFKlOouKhezcNgSXLjM5ICO4gqgYdsT+vloIsX9aizEXtSsyk=
yHz7AikUIqabbvZsace/esMDkTsSgpRwka52SdhlRJjmMgrKYBqfrbPSBr50nM4BJUSbHH4bGydYAKbUSJJP+e49n7pwtE1BfhlaaVeDio1fgK0x9EFN6+aLOHmrfx1Kqh0hbzlX27F/eftdx2WhhIuSuJzI8oEq13U2nvrs+fWmO00nuk2aFzDn6mCrWR1JJ4szlMcGmHCxBpyPyGp7lSqlaPBFHDcEUqQcs40SYUqKZvrdEpRIB++CzczAkE4bp7rGzWv/fL+RoAfNoI/3wL08WLoo6yY+G2u693FUxODFaZn5Gv8F8Zf39beM2YthP1g+tX0l/33yxFP+Mc7OXuIB4/vpTC+Yfe+En4LRjgBCkVMCKa7+MTqQt+7C/0PclaaF+013Rzj18Lzvh2H7GsVcncd3ywb5n/9QM0EMxz+H89s+MbJykSVxmf0ClhURdf/F8cbTZGc146w7aYd2YV+zOg==
Ie1a95tT37kQvV8S12McAGoP+8kqNcoRp+19ZJ/TE773b6PnCRFOLfJDmLf+IsMgWocE+wBr554Uwt65L3Z5e/iX3leeus+FXbZIR/AQj42xO/P4fw8LxDBUk5MVgBUl02lTVFMIXKEdKH0ucyafLDE6pwg5xCJwAiEeTwYstLTNx1SloMwDjRskFU1JhxkDD8s6xGXYj3z7inZgkhXOMp4N5XeGrsNh5aEiEngK6kGsHYmCDkQssbYjn1UgpdlM+nxGXxw7rUxab7/cO6Hx4ojm14/z8samDCGYzz9rQFiza10O+FF2TukQa41beF9EP7TNwwVuR0RIJ7d6UdJjEfwitO4CeyhJoQpJnsiyFs6HJUVtbctGmWFqYA668w85iKYE/ZMWCl5mzKmak/pWZng9VQj9Xvx+DMQFsP9rp7wHYTleADIJ7JPyzAb2L1/W2fhnrWqQl+5PPFOhh6mZ9rv9EZarY3dUszM=
/TqrlDMuvniln+71lBkOwcMDkTsSgpRwka52Sd5rWIfsLwrKYB+Vq67KBr50nM4BJUSbHH4bGydYAKbUSJJP+e49n7pwtE1BfhlaaVeDio1fgK0x9EFN6+aLOHmrfx1Kqh0hbzlX27F/eftdx2WhhIuSuJzI8oEq13U2nvrs+fWmO00nuk2aFzDn6mCrWR1JJ4szlMcGmHCxBpyPyGp7lSqlaPBFHDcEUqQcs40SYUqKZvrdEpRIB++CzczAkE4bp7rGzWv/fL+RoAfNoI/3wL08WLoo6yY+G2u693FUxODFaZn5Gv8F8Zf39beM2YthP1g+tX0l/33yxFP+Mc7OXuIB4/vpTC+Yfe+En4LRjgBCkVMCKa7+MTqQt+7C/0PclaaF+013Rzj18Lzvh2H7GsVcncd3ywb5n/9QM0EMxz+H89s+MbJykSVxmf0ClhURdf7F8cbTZGc146w7aYd2YV+zOg==
12do3R4M5gVKyJ2cCUrP9fctNglVOD0TPI8UR9ypi1QRI7M1QvbE406zandPkbROUz1zkwNdQEvSCyPT+vffH5AtebMc
s04vpR9BvpWDjGp4LcVy5wl+bz9ce25+TeGGoEQFOva3uedQLrXOPFEuKcXx5ApvievfN0sw48mJ2Sxxv2yiBHlox30q4LceQ0xzUUf5OWY7bXFGa1MXZLMD
