Va/Ou7iBasv2Mhs4LjSloQSCt5QBY2eUjCoXscJHPgJsVW3J2sTxVRiz3o+JPxqd8gbTfL4Of1KjkxKie6giocfIzkungIs0tQgzsTtzowo=
CVvq2245KYYnhIyFjKsh94V90rCuxreYjtmx2bl0UraF3TI9F4/QcoWCJeNJL+7lJ+msT9c81NKOQLihuZEAZELEzYJut6Lz+rVW7ltj3PMxMZgjDzRJdKcLbFyYbOpNvCNh5FUssLSyNLe7CU/lHXITQaScHOKVC+NYmGi/u+DedObidWirvDJciONZarVICLRsSjliZ03jJheflVxohB0G05xQNA6pe6xp5qsPYsYj5OtwLzVeTx+s60D9VAMVI/+jng==
euvo9MxIj+XLgwJZg+HvcoV90rCuxreYjtmx2bl0UraF3TI9F4/QcoWCJeNJL+7lJ+msT9c81NKOQLihuZEAZELEzYJut6Lz+rVW7ltj3PMxMZgjDzRJdKcLbFyYbOpNvCNh5FUssLSyNLe7CU/lHXITQaScHOKVC+NYmGi/u+DedObidWirvDJciONZarVICLRsSjliZ03jJheflVxohB0G05xQNA6pe6xp5qsPYsYj5OpwLzVeTx+s60D9VAMVI/+jng==
/kh2a/Ar6MoOVfnRNEtAdRHwceNAc3KpuDEXxJ2rN7XGfkhz0iuOF6vpSD6fdbffxRWKeu4xB/Pd78MPnCV8oxs=
bp7rQ0cwesHHLgs9yH2tHpGTh++VDSi/sMAj8jWL5MeZTjpAn2hSFgF908jXnZ2iZyxLNejNFmG5gGnDCOPK6aABXyQl+9+1rq7wExobltcTeYAeh4UfXy0lkpqmof+zxR+Lr2R1VKMz
HxbAyR5oynSxqB63JAd6BpyzTw1KpHa8NZdfPKyFLM6+mdZMJwQ87vO+ipIeRCnpyy1xpKqO52G9GRFlQwDo1E201QNUR4eDlRVfhusv4ibjRO/Q79Xeb1/M66A9dIN1Y1+jPg==
0q+jc6N79twFB+qN8L7vAzHe5PvT8cM9bd3TNrhiRmGEUl4WDWXH+KO1gUJbRB/lHPVaIXV43ZNcSzZJPGnr1LFjUzUiNmRjrvMKd2/RVM4z/VOf4R3mynJJw9PZN3+fcG1Yoz8=
fpYV0TQvQwiMyXSfUQ+1Gyy9lQathGIWMZ3jiGd9LSL3zJt1uC0GYamguYNYQ1pp0KGvZFXbL7XejgDTartmV4PZUN7XpQ9fPUVCWvbBbzN1fztvVBVkowM=
JUwVHgLf7vXy8lg6s8BVxckSiGRQhmA3s5FmFjWV/5iLRUkCE5S3hYRlwqHt6EUzNJv+CXRZA/TJU6s1WgacQ8bDwrcngbxuq23LH3mNfiraGQsTkUdXf0gdYKMH
Q/ofh3gar7TGIlIYLle2V+Ahp0FhtEEthJFmFjWV/5iLRUkCE5S3hYRlwqHt6EUzNJv+CXRZA/TJU6s1WgacQ8bDwrcngbxuq23LH3mNfiraGQsTkUdXf0gdYKMH
B1dNY8BZEnk7xgK26J8HqfrAoBn2jzM/4JazGXkAHcm/smU4IR0iiWTBSwTja+I3iLmCFVUsDx/t9RxKWpuQjzSHUa1qNo2B7X9fYVgyzDV9I2dLQWdOEWajAQ==
WtTco+JZ53ONkbVNTfazEIV90rCuxreYjtmx2bl0UraF3TI9F4/QcoWCJeNJL+7lJ+msT9c81NKOQLihuZEAZELEzYJut6Lz+rVW7ltj3PMxMZgjDzRJdKcLbFyYbOpNvCNh5FUssLSyNLe7CU/lHXITQaScHOKVC+NYmGi/u+DedObidWirvDJciONZarVICLRsSjliZ03jJheflVxohB0G05xQNA6pe6xp5qsPYsYj5O9wLzVeTx+s60D9VAMVI/+jng==
kR7oJQTivobdk44TB9xFZnYOxsUGnZyITPMdtLiQaMkMKVZQf+aK3WDV+GnriDQo6sdnpKXdiC1a2QbYY3Od/ByZGCLzi6Eh15ZHzceSUP5nLZ0SicNjExeaiyowlx0iaTBb1KNqYeBDpkFGruaiS6qxzn7okj39UKu4Li/7W+7BEyE15YWfUZ4q3ZrDqhugAl6aB9JUrvchOd4ML9dlK7aM0HhWh3xH7az2RiCnlsmrK2h3BeqKxsLRhFkBupol6wLTk43kmPzz4cswCvBsi2xxt/ncvgMRGcAgcxp46Rp/k3OKYwJvbiltfezL0uhNA4SZgD83DBiw4BqZBD/hwJ3AoADqSBe/4YPViQpPgUAUMLLhE1+4XMCzy7Tm6OZGPQQ7iOqgqGcxJgVc8GgsLjHOt7l7GnfbvdCYUKUaU7iY2B4dI9DJ4kPDUlJbuC6UpxkOOwcQC4RVWHNBG2OjOg==
bryUePRoffS631K7klWDucMDkTsSgpRxka52SdhlRJjmMgrKYBqfrbPSBr50nM4BJUSbHH4bGydYAKbUSJJP+e49n7pwtE1BfhlaaVeDio1fgK0x9EFN6+aLOHmrfx1Kqh0hbzlX27F/eftdx2WhhIuSuJzI8oEq13U2nvrs+fWmO00nuk2aFzDn6mCrWR1JJ4szlMcGmHCxBpyPyGp7lSqlaPBFHDcEUqQcs40SYUqKZvrdEpRIB++CzczAkE4bp7rGzWv/fL+RoAfNoI/3wL08WLoo6yY+G2u693FUxODFaZn5Gv8F8Zf39beM2YthP1g+tX0l/33yxFP+Mc7OXuIB4/vpTC+Yfe+En4LRjgBCkVMCKa7+MTqQt+7C/0PclaaF+013Rzj18Lzvh2H7GsVcncd3ywb5n/9QM0EMxz+H89s+MbJykSVxmf0ClhURdf7H8cDSZGU14687aYd2YV6jOQ==
Pagd0dYG9pDhuiivenNQ12LvHoepVprwBz3FZYB79qxaat3VCT/DIzOavGDEb63q7Ldz+2JdBvSHaiqpKAkIbfPkdPwCe/fAHRFoGVLFNhy73x1otGXIBouHgdUfyjdJX36Qqg8RjfaxjwOnnwY7bmi7HTZBTAtwW+bBlAt6sUK2iuKfQg1eGlBe3clYt4jq91fbemnv8RGdib+lVnatHltG2/RqYorj6hjOQ6mlbkh3+2U/nvCA3K4L3DOlcAZCOMvWHUOX+BO9Jmryys20ndkWGrFD/gO39ei4CDu9u7SSHKzfBE2nHeTyY6WRXJA3QlTpDlfvIy6bjs8aYbGN6NO+qJnrOAnkh/vsLLj8Kl3ck2FUNTxwJJJEN0sp36UNkqNBFHwMogUrE9joSC978L7E5lIVeGssEiwIE3n69VjoBGz62XIn3cPWl++1zKiUfbbTLDAkzjlb3OkWi58i1sNU7sDPJR7fP1xrMN3EwwVDT6Mu
t5cGuU0OKgUNM4ZEnePTSn+XUVW+mG9UzoMTbq2rH8sJcpsA7mBWWuwD3f7Uq3P/alEWgJ9WCk3AJTg5i7g0OMq3J3RFbQi9+inGiANDnew86VjyEzshsXdmh52nolDuR13dwmlz44O3akt6UKcdMklAGwRD2uFw41aBFs7WoluKwY6uCCK9bfBbeH5Py1v+4WNh5QU1H8E+2h3Ko5obsCIu2tcy5C5ngckeXE/nZTuW/JCotjf8101cNhZAl5bZi1sop+VaClZiIUQJYYqaNctyk0NtVBhsUxELYGrAbJtMAfcpPA6Dgbkw4CN6SOkKX+MzWoOy7/6Jnb28q+LoXSP02VDfh4yIEBDayWQP4dC9sODQCviXL0FzFdlqf4FQNEDyMfPvOMxgQwvkhtjmVh10e1gKECj3kdbFDJBYLD4Rvvdpm6r3Sx0gWADFKlOouKhezcNgSXLjM5ICO4guhIdpTuvnoIsU9aizEXtToyo=
6MMFaK2hAHTZmer3lDW+X87RUkHLkaU+ij8oliEVVX1vSIfdqgD3Pk5ssz7GWftGO44xpuvz1wWjYA==
bYkbiYkE0g58NI/8Kqd9io9d8kREad3BNHTEIZs7jcWeZlk5Qb4xmQXieJ2hQ5sjldf6yQqjbQ==
S/uZz4c7rcDuaJNhq9FD4aICD28adnpdb5oJScb6zlIUILI+L7LV9EmgYWdPkbROUz1zmQVdQkvSCSPT+fffH5AteKMf
+WMqYwnexqIKixO7QrXEU3JIo5j2Walj3B7BQKFnm9gUCLqigLg+vqMqQZeyzOfH8zngnifFP1lJZXYbBmHfs+Xf6y+ENXSjEw==
PzDMr8HqvvRfE5CjCZwYNqMCD28adnpdb5oJScb6zlIUILI+L7LV9EmgYWdPkbROUz1zkwRdQkvSCSPT+fffH5AteKMf
2wEBqsQ4nBw++utZrDXUInJIo5j2Walj3B7BQKFmm9gUCLqigLg+vqMqQZeyzOfH8zngnifFP1NIZXYbBmHfs+Xf6y+ENXSjEw==
oQY80qogw9CJTsMXbVr5X5motTIcPeeVKqxiIhBH5PpxfLOQnOahvJwa1WN1zeXtfLWLPg3jrYLyay7QhYW9Iuw7RdTqJN9DKSkj2vtALcgQdIsfKzMhUqCPkOJvXyOhI30B7wE5XuKX/jPRft+HZCO7K71EKP1mGaQZKOMqbIQdXtLW5oHnc/XcA2BZj6BH7mFySAZRl0qVXlJp3rDT1i7v39QRpgHz0WerAJHQWLcrkUdSAZzZj4t7aiG7n3TLbZzbt4Nz37YtIl7pAZG9pe4madmxs4A5eqPIvVHDSwMFl+pp2qO9
RwTvbvQNLuXHwZ906LlGPSY9f2KxeMK1WxZWX4z0rSVjI7/IFEVtdiNoEupb9a/iTHKHJKPB5EEUnoiTxSou2O70Po8LiCTkER9nEe0GtTADFP5M5UMF0w9Ozrd+/kEvLb0tRQ/zDzlQ/pnGPc1wr6l4zYNFoWrI0zp3nPf0zVoiWNNmnIooQSkvu2TNvBf/DpsA2RwUqLE51vvmvPVwwF1KoFdRSJ8mj29f3yWcH6D2K8UpKc6vfHfT5cOE/RXvOhejJJXrTbMR6mMakDVP4ZN5AB4HhZ9TriUUmyahf7NFHwuv5HXUo7M=
2RZ/Ln7oA/fiRWuvec7E4IZajE1Zsmvj+TxEg428o1TvacXl1WxiygYwvb+f4kalfN5h0T832YOCiRQs0ATDLJsgcgnEfiGOzb50gOjEUr8IPom4g1DgNxsdnOTHuitc8YRpgrnfYBB6Tl/lVw4erCe+Cze4bPSu0LS2CJIVLoKyd7BFIQbRknjejuLnCZ0B3Qce1aEmOMKKn9eV6AockaOaEtJmQLEWo5ZOyhiRjWTNkqQyzIhdfE8Hf5BnTaEysD6R4BP+VApGQ8f6udS/wdpcz6KDcQttt8VDWttSCfqb72/Zo7w=
IlMnKU5X4uHGwxtXrIp/0YZajE1Zsmvj+TxEg428o1TvacXl1WxiwwYwvbaf4kalfN5h0T832YOCiTg70A3fIowgcgnEfiGOzb50gOjEUr8IPom4g1DgNxsdnOTHuitc8YRpgrnfYBB6Tl/lVw4erCe+Cze4bPSu0LS2CJIVLoKyd7BFIQbRknjejuLnCZ0B3Qce1aEmOMKKn9eV6AockaOaEtJmQLEWo5ZOyhiRjWTNkqQyzIhdfE8Hf5BnTaEysD6R4BP+VApGQ8f6udS/wdpcz6KDcQttt8VDWttSCfqb72/Zo7w=
/glqHI0Xvt5I8h14+N/gbQW+5o4C+Ym0xRZz4TB7DjAmayfjaC4q+vIJvgYpJjsDLTzBEYPQGMMxccySvcsAcIWdUeY2S4Sw/cS1iKBS2Lp+ZeAY7ZqjvtxdAwto1tekJ6b5gm2AudF8GkK4S/cnMPK2D9gv1VhCiIQIYoJ6wsviuPoxdIfhSI1YgGjasFf3MVu1ofp3AUiEKBIJoyd4lJDrKxyWUObOLZwb4NpY6C/h/mV0AFCsJqHWF1HLYrcT7Yh4+NWiUzCIQD51EyiJqpMbMnqrgKOfNwev07doy0wFAJPpa9ujsg==
KZuiqqVrAyJLa5iXGiPQ3IZajE1Zsmvj+TxEg428o1TvacXl1WxiwwYwvbaf4kalfN5h0T832YOCiRQs0BreLZEgcgnEfiGOzb50gOjEUr8IPom4g1DgNxsdnOTHuitc8YRpgrnfYBB6Tl/lVw4erCe+Cze4bPSu0LS2CJIVLoKyd7BFIQbRknjejuLnCZ0B3Qce1aEmOMKKn9eV6AockaOaEtJmQLEWo5ZOyhiRjWTNkqQyzIhdfE8Hf5BnTaEysD6R4BP+VApGQ8f6udS/wdpcz6KDcQttt8VDWttSCfqb72/Zo7w=
C4W6avwNX30kOjBJp1gWEQW+5o4C+Ym0xRZz4TB7DjAmayfjaC4q9/IJvgspJjsDLTzBEYPQGMMxcd2Uv94EZIWdUeY2S4Sw/cS1iKBS2Lp+ZeAY7ZqjvtxdAwto1tekJ6b5gm2AudF8GkK4S/cnMPK2D9gv1VhCiIQIYoJ6wsviuPoxdIfhSI1YgGjasFf3MVu1ofp3AUiEKBIJoyd4lJDrKxyWUObOLZwb4NpY6C/h/mV0AFCsJqHWF1HLYrcT7Yh4+NWiUzCIQD51EyiJqpMbMnqrgKOfNwev07doy0wFAJPpa9ujsg==
2q+oDTN8GmVdw0JYcH4nmmfkFIt1WaLbyp2CnWVcgrFpGDcvXCgK0i+f518jRsHeBLOpIIhkP9uD5NNnaICDbp8QqGSdh/NhWe4pkH+8KpxRO0kTw3a656oWfU8xldl1G+sDOVzmjfbJ5WzPlZAZ0zGZpgifQsNMI1yx+r6wZxYIEqTBpbcvlHnUi1/yM1SJqOxk8XXuDzbonUwgQWLUZ0VQkyaDd0vvUbQDQMpDkfnd9uM8uytRk9BV6U+mfxfUAXPBM51y92ok3dNB79HUzrP905NiHWDL8klD01k3/5/wbdijvw==
yPnd4RGeJEGoFE5lm0fQ72fkFIt1WaLbyp2CnWVcgrFpGDcvXCgK0i+f518jRsHeBLOpIIhkP9uD5Np0Yp2DbJ8QqGSdh/NhWe4pkH+8KpxRO0kTw3a656oWfU8xldl1G+sDOVzmjfbJ5WzPlZAZ0zGZpgifQsNMI1yx+r6wZxYIEqTBpbcvlHnUi1/yM1SJqOxk8XXuDzbonUwgQWLUZ0VQkyaDd0vvUbQDQMpDkfnd9uM8uytRk9BV6U+mfxfUAXPBM51y92ok3dNB79HUzrP905NiHWDL8klD01k3/5/wbdijvw==
qBg9dBexYBf7UqJe1gne4blu3PtPHHv0MgorOez9BVLW8JHbDAkR2eO+oaxoaJVeGnEr71uvXv+SofUnOeedsdYEWI56QPFMZqRT253Zt3KH4PEgpCTfp+fzbSr0X2TKMz8fSTdNdfcNOVL6484nOUK/20zXa3/FCOgx3k30rcA/ihAsia5mTmoBa+tBrJfIpS/8L1qxpvBKEVuyQQ4mQQJQ77463yvMHaYN6yVXv2itMISfX8GTqs3clTdfq95J5z+IY/nsby8P81MumdLKQX0xYU1adj1hfXPMQS5zPJUNo3frEaeecdajsQ==
gi3a3opuITpg+IoUf9vz1RbMBUkk56JoMo3o+dnoK8mFmK66GEBLffnl7KyYdvof/EeH62jWAtWSqX0GPVP/P4X7zCg163qjdliZ/QKWFRF1/8TxxNRkZTXjrztph3ZhXqM5
NwtxgIunEhPUWpL/wsgCe1pbZ9VOFoKPaTfmUg0kqZgB2/+V0OTVFTbG4YnJOLrp9IWQzXkDoxO99+LZAqNl
uOxM8rtasVv6LgHLvmnX40ja/4obanjEjSQB9JYdcANKEGr5np3TJQK50ZWGXFWOvAjJZ6kbf1KjkxKie6gvp8fKyUungIs0tQgzsTtzowo=
VJSJTalqHAZEaWJL1OQfoR+zeuFcYXO7qSFU1IL+N7/9P08j3jWEAqvpSD6fdbffxhWJfe4xB/Pd78MPnCV8oxs=
Y5kbYTyw23l94TBuXf3Bbs7RUkHLkaU+ij8oliEVVX1vSIfdqgD3Pk9tszTBWftGO44xpuvz1wWjYA==
qmiT4horZu1BpB86KY1ZwI9d8kREad3BNHTEIZs7jcWeZlk5Qb8wmQ/leJ2hQ5sjldf6yQqjbQ==
